Press enter to start the timer
You may enter Q at any time to close the timer

To put your lap time type L.
To stop the timer type S.
To close the timer type Q
l
Lap time: 2 second(s)
l
Lap time: 5 second(s)
l
Lap time: 8 second(s)
l
Lap time: 2 second(s)

l
Lap time: 3 second(s)
s

Your lap time(s) were:
Lap 1: 2 second(s)
Lap 2: 5 second(s)
Lap 3: 8 second(s)
Lap 4: 2 second(s)
Lap 5: 3 second(s)
Total elapsed time: 22 second(s).

Press enter to start the timer
You may enter Q at any time to close the timer
q